2022-08-17  8:48:05 0 [Note] InnoDB: Compressed tables use zlib 1.2.11
2022-08-17  8:48:05 0 [Note] InnoDB: Number of pools: 1
2022-08-17  8:48:05 0 [Note] InnoDB: Using crc32 + pclmulqdq instructions
2022-08-17  8:48:05 0 [Note] mariadbd: O_TMPFILE is not supported on /tmp (disabling future attempts)
2022-08-17  8:48:05 0 [Note] InnoDB: Using Linux native AIO
2022-08-17  8:48:05 0 [Note] InnoDB: Initializing buffer pool, total size = 134217728, chunk size = 134217728
2022-08-17  8:48:05 0 [Note] InnoDB: Completed initialization of buffer pool
2022-08-17  8:48:05 0 [Note] InnoDB: 128 rollback segments are active.
2022-08-17  8:48:05 0 [Note] InnoDB: Creating shared tablespace for temporary tables
2022-08-17  8:48:05 0 [Note] InnoDB: Setting file './ibtmp1' size to 12 MB. Physically writing the file full; Please wait ...
2022-08-17  8:48:05 0 [Note] InnoDB: File './ibtmp1' size is now 12 MB.
2022-08-17  8:48:05 0 [Note] InnoDB: 10.6.8 started; log sequence number 42173; transaction id 14
2022-08-17  8:48:05 0 [Note] Plugin 'FEEDBACK' is disabled.
2022-08-17  8:48:05 0 [Warning] 'user' entry 'root@ffdb9f16d813' ignored in --skip-name-resolve mode.
2022-08-17  8:48:05 0 [Warning] 'proxies_priv' entry '@% root@ffdb9f16d813' ignored in --skip-name-resolve mode.
2022-08-17  8:48:05 0 [Note] mariadbd: ready for connections.
Version: '10.6.8-MariaDB-1:10.6.8+maria~focal-log'  socket: '/run/mysqld/mysqld.sock'  port: 0  mariadb.org binary distribution
2022-08-17  8:48:08 0 [Note] mariadbd (initiated by: root[root] @ localhost []): Normal shutdown
2022-08-17  8:48:08 0 [Note] InnoDB: FTS optimize thread exiting.
2022-08-17  8:48:08 0 [Note] InnoDB: Starting shutdown...
2022-08-17  8:48:08 0 [Note] InnoDB: Dumping buffer pool(s) to /var/lib/mysql/ib_buffer_pool
2022-08-17  8:48:08 0 [Note] InnoDB: Buffer pool(s) dump completed at 220817  8:48:08
2022-08-17  8:48:08 0 [Note] InnoDB: Removed temporary tablespace data file: "./ibtmp1"
2022-08-17  8:48:08 0 [Note] InnoDB: Shutdown completed; log sequence number 42185; transaction id 15
2022-08-17  8:48:08 0 [Note] mariadbd: Shutdown complete

2022-08-17  8:48:09 0 [Note] InnoDB: Compressed tables use zlib 1.2.11
2022-08-17  8:48:09 0 [Note] InnoDB: Number of pools: 1
2022-08-17  8:48:09 0 [Note] InnoDB: Using crc32 + pclmulqdq instructions
2022-08-17  8:48:09 0 [Note] mariadbd: O_TMPFILE is not supported on /tmp (disabling future attempts)
2022-08-17  8:48:09 0 [Note] InnoDB: Using Linux native AIO
2022-08-17  8:48:09 0 [Note] InnoDB: Initializing buffer pool, total size = 134217728, chunk size = 134217728
2022-08-17  8:48:09 0 [Note] InnoDB: Completed initialization of buffer pool
2022-08-17  8:48:09 0 [Note] InnoDB: 128 rollback segments are active.
2022-08-17  8:48:09 0 [Note] InnoDB: Creating shared tablespace for temporary tables
2022-08-17  8:48:09 0 [Note] InnoDB: Setting file './ibtmp1' size to 12 MB. Physically writing the file full; Please wait ...
2022-08-17  8:48:09 0 [Note] InnoDB: File './ibtmp1' size is now 12 MB.
2022-08-17  8:48:09 0 [Note] InnoDB: 10.6.8 started; log sequence number 42185; transaction id 14
2022-08-17  8:48:09 0 [Note] InnoDB: Loading buffer pool(s) from /var/lib/mysql/ib_buffer_pool
2022-08-17  8:48:09 0 [Note] Plugin 'FEEDBACK' is disabled.
2022-08-17  8:48:09 0 [Warning] You need to use --log-bin to make --expire-logs-days or --binlog-expire-logs-seconds work.
2022-08-17  8:48:09 0 [Note] InnoDB: Buffer pool(s) load completed at 220817  8:48:09
2022-08-17  8:48:09 0 [Note] Server socket created on IP: '0.0.0.0'.
2022-08-17  8:48:09 0 [Note] Server socket created on IP: '::'.
2022-08-17  8:48:09 0 [Note] mariadbd: ready for connections.
Version: '10.6.8-MariaDB-1:10.6.8+maria~focal-log'  socket: '/run/mysqld/mysqld.sock'  port: 3306  mariadb.org binary distribution
2022-08-17  8:53:16 7 [Warning] Aborted connection 7 to db: 'mysql_database' user: 'root' host: '10.5.0.6' (Got an error reading communication packets)
2022-08-17  9:24:10 0 [Note] mariadbd (initiated by: unknown): Normal shutdown
2022-08-17  9:24:10 0 [Note] InnoDB: FTS optimize thread exiting.
2022-08-17  9:24:10 0 [Note] InnoDB: Starting shutdown...
2022-08-17  9:24:10 0 [Note] InnoDB: Dumping buffer pool(s) to /var/lib/mysql/ib_buffer_pool
2022-08-17  9:24:10 0 [Note] InnoDB: Restricted to 2028 pages due to innodb_buf_pool_dump_pct=25
2022-08-17  9:24:10 0 [Note] InnoDB: Buffer pool(s) dump completed at 220817  9:24:10
2022-08-17  9:24:11 0 [Note] InnoDB: Removed temporary tablespace data file: "./ibtmp1"
2022-08-17  9:24:11 0 [Note] InnoDB: Shutdown completed; log sequence number 5637646; transaction id 2397
2022-08-17  9:24:11 0 [Note] mariadbd: Shutdown complete

